*** Starting uWSGI 2.0.26 (64bit) on [Wed Sep  4 17:08:09 2024] ***
compiled with version: 4.8.5 20150623 (Red Hat 4.8.5-44) on 14 August 2024 14:04:14
os: Linux-3.10.0-1160.119.1.el7.x86_64 #1 SMP Tue Jun 4 14:43:51 UTC 2024
nodename: iZbp107h6xqvx1k953zbqhZ
machine: x86_64
clock source: unix
pcre jit disabled
detected number of CPU cores: 2
current working directory: /root/data/demo/flaskdemo
detected binary path: /envs/py39/bin/uwsgi
uWSGI running as root, you can use --uid/--gid/--chroot options
*** WARNING: you are running uWSGI as root !!! (use the --uid flag) *** 
chdir() to /root/data/demo/flaskdemo
your processes number limit is 6942
your memory page size is 4096 bytes
detected max file descriptor number: 65535
- async cores set to 1000 - fd table size: 65535
lock engine: pthread robust mutexes
thunder lock: disabled (you can enable it with --thunder-lock)
uWSGI http bound on 127.0.0.1:8001 fd 4
uwsgi socket 0 bound to TCP address 127.0.0.1:41083 (port auto-assigned) fd 3
uWSGI running as root, you can use --uid/--gid/--chroot options
*** WARNING: you are running uWSGI as root !!! (use the --uid flag) *** 
Python version: 3.9.19 (main, Aug 14 2024, 21:44:55)  [GCC 4.8.5 20150623 (Red Hat 4.8.5-44)]
PEP 405 virtualenv detected: /envs/py39
Set PythonHome to /envs/py39
Python main interpreter initialized at 0x228bcf0
uWSGI running as root, you can use --uid/--gid/--chroot options
*** WARNING: you are running uWSGI as root !!! (use the --uid flag) *** 
python threads support enabled
your server socket listen backlog is limited to 100 connections
your mercy for graceful operations on workers is 60 seconds
mapped 21036928 bytes (20543 KB) for 1000 cores
*** Operational MODE: async ***
WSGI app 0 (mountpoint='') ready in 1 seconds on interpreter 0x228bcf0 pid: 32595 (default app)
uWSGI running as root, you can use --uid/--gid/--chroot options
*** WARNING: you are running uWSGI as root !!! (use the --uid flag) *** 
*** uWSGI is running in multiple interpreter mode ***
spawned uWSGI master process (pid: 32595)
spawned uWSGI worker 1 (pid: 32596, cores: 1000)
spawned uWSGI http 1 (pid: 32597)
*** running gevent loop engine [addr:0x4b6300] ***
Wed Sep  4 17:12:27 2024 - uWSGI worker 1 screams: UAAAAAAH my master disconnected: i will kill myself !!!
